2026-04-03T04:08:18.928Z [INFO] ============================================================
2026-04-03T04:08:18.929Z [INFO] 茶海虾王@金融交易所看板平台 - 数据接入测试
2026-04-03T04:08:18.930Z [INFO] 开始测试网站连接...
2026-04-03T04:08:18.929Z [INFO] ============================================================
2026-04-03T04:08:19.268Z [INFO] 新浪金融 连接测试: 通过 (200)
2026-04-03T04:08:19.344Z [INFO] 东方财富网 连接测试: 通过 (200)
2026-04-03T04:08:19.481Z [INFO] 中国政府网 连接测试: 通过 (200)
2026-04-03T04:08:19.482Z [ERROR] 数据加密测试失败: "Invalid key length"
2026-04-03T04:08:19.483Z [INFO] 开始测试数据读取功能...
2026-04-03T04:08:19.481Z [INFO] 开始测试数据加密功能...
2026-04-03T04:18:13.910Z [INFO] ============================================================
2026-04-03T04:18:13.912Z [INFO] 茶海虾王@金融交易所看板平台 - 数据接入测试
2026-04-03T04:18:13.912Z [INFO] 开始测试网站连接...
2026-04-03T04:18:13.912Z [INFO] ============================================================
2026-04-03T04:18:14.264Z [INFO] 新浪金融 连接测试: 通过 (200)
2026-04-03T04:18:14.360Z [INFO] 东方财富网 连接测试: 通过 (200)
2026-04-03T04:18:14.526Z [INFO] 中国政府网 连接测试: 通过 (200)
2026-04-03T04:18:14.722Z [INFO] 同花顺 连接测试: 通过 (200)
2026-04-03T04:18:15.368Z [INFO] 雪球 连接测试: 通过 (200)
2026-04-03T04:18:15.767Z [INFO] 腾讯财经 连接测试: 通过 (200)
2026-04-03T04:18:15.908Z [INFO] 网易财经 连接测试: 通过 (200)
2026-04-03T04:18:16.055Z [INFO] 凤凰财经 连接测试: 通过 (200)
2026-04-03T04:18:16.309Z [INFO] 中金公司 连接测试: 失败 (521)
2026-04-03T04:18:16.686Z [INFO] 中信证券 连接测试: 通过 (200)
2026-04-03T04:18:16.918Z [ERROR] 海通证券 连接测试失败: "write EPROTO D43A0000:error:0A000152:SSL routines:final_renegotiate:unsafe legacy renegotiation disabled:openssl\\ssl\\statem\\extensions.c:894:\n"
2026-04-03T04:18:17.281Z [ERROR] 国泰君安 连接测试失败: "write EPROTO D43A0000:error:0A000152:SSL routines:final_renegotiate:unsafe legacy renegotiation disabled:openssl\\ssl\\statem\\extensions.c:894:\n"
2026-04-03T04:18:20.330Z [INFO] 阿里巴巴 连接测试: 通过 (200)
2026-04-03T04:18:20.445Z [INFO] 腾讯控股 连接测试: 通过 (200)
2026-04-03T04:18:20.741Z [INFO] 中国平安 连接测试: 通过 (200)
2026-04-03T04:18:20.888Z [INFO] 开始测试数据加密功能...
2026-04-03T04:18:20.888Z [INFO] 贵州茅台 连接测试: 通过 (200)
2026-04-03T04:18:20.889Z [INFO] 数据加密测试: 通过 (1ms)
2026-04-03T04:18:20.889Z [INFO] 开始测试数据解密功能...
2026-04-03T04:18:20.890Z [INFO] 数据解密测试: 通过 (1ms)
2026-04-03T04:18:20.890Z [INFO] 开始测试数据读取功能...
2026-04-03T04:18:20.899Z [INFO] API健康检查: 通过
